<?xml version="1.0" encoding="UTF-8"?>
<!-- Generated by org.testng.reporters.JUnitXMLReporter -->
<testsuite hostname="DESKTOP-NRV3P3I" ignored="0" name="Test" tests="4" failures="0" timestamp="29 Apr 2021 15:24:56 GMT" time="0.17" errors="0">
  <testcase name="test1" time="0.03" classname="org.test.ExecutionOrder"/>
  <testcase name="test2" time="0.007" classname="org.test.ExecutionOrder"/>
  <testcase name="test3" time="0.003" classname="org.test.ExecutionOrder2"/>
  <testcase name="test4" time="0.007" classname="org.test.ExecutionOrder2"/>
</testsuite> <!-- Test -->
