<?xml version="1.0" encoding="UTF-8"?>
<!-- Generated by org.testng.reporters.JUnitXMLReporter -->
<testsuite hostname="DESKTOP-NRV3P3I" ignored="0" name="Test" tests="13" failures="2" timestamp="19 Mar 2021 06:16:01 GMT" time="0.285" errors="0">
  <testcase name="test1" time="0.06" classname="org.rerunTest.DemoTest3">
    <skipped/>
  </testcase> <!-- test1 -->
  <testcase name="test1" time="0.006" classname="org.rerunTest.DemoTest3">
    <skipped/>
  </testcase> <!-- test1 -->
  <testcase name="test1" time="0.004" classname="org.rerunTest.DemoTest3">
    <skipped/>
  </testcase> <!-- test1 -->
  <testcase name="test1" time="0.004" classname="org.rerunTest.DemoTest3">
    <skipped/>
  </testcase> <!-- test1 -->
  <testcase name="test1" time="0.004" classname="org.rerunTest.DemoTest3">
    <failure type="java.lang.AssertionError" message="expected [true] but found [false]">
      <![CDATA[java.lang.AssertionError: expected [true] but found [false]
at org.rerunTest.DemoTest3.test1(DemoTest3.java:16)
... Removed 29 stack frames]]>
    </failure>
  </testcase> <!-- test1 -->
  <testcase name="test2" time="0.001" classname="org.rerunTest.DemoTest3"/>
  <testcase name="test3" time="0.002" classname="org.rerunTest.DemoTest3">
    <skipped/>
  </testcase> <!-- test3 -->
  <testcase name="test3" time="0.012" classname="org.rerunTest.DemoTest3">
    <skipped/>
  </testcase> <!-- test3 -->
  <testcase name="test3" time="0.004" classname="org.rerunTest.DemoTest3">
    <skipped/>
  </testcase> <!-- test3 -->
  <testcase name="test3" time="0.002" classname="org.rerunTest.DemoTest3">
    <skipped/>
  </testcase> <!-- test3 -->
  <testcase name="test3" time="0.002" classname="org.rerunTest.DemoTest3">
    <failure type="java.lang.AssertionError" message="expected [true] but found [false]">
      <![CDATA[java.lang.AssertionError: expected [true] but found [false]
at org.rerunTest.DemoTest3.test3(DemoTest3.java:38)
... Removed 29 stack frames]]>
    </failure>
  </testcase> <!-- test3 -->
  <testcase name="test4" time="0.003" classname="org.rerunTest.DemoTest3"/>
  <testcase name="test5" time="0.001" classname="org.rerunTest.DemoTest3"/>
</testsuite> <!-- Test -->
